Build started 9/14/2014 7:43:14 PM.
     1>Project "C:\GitHub\BretStateham\IoT\Intel Galileo\HOL - 03 - Accessory Shield - Windows\End\AccessoryShield-RGBLedDigital\AccessoryShield-RGBLedDigital\AccessoryShield-RGBLedDigital.vcxproj" on node 2 (Build target(s)).
     1>ClCompile:
         C:\Program Files (x86)\Microsoft Visual Studio 12.0\VC\bin\CL.exe /c /I"C:\GitHub\BretStateham\IoT\Intel Galileo\HOL - 03 - Accessory Shield - Windows\End\AccessoryShield-RGBLedDigital\packages\Microsoft.IoT.Galileo.Arduino.1.0.4-alpha\build\native\\include" /ZI /nologo /W3 /WX- /sdl /Od /Oy- /D ARDUINO=100 /D WIN32 /D _DEBUG /D _CONSOLE /D _LIB /D _UNICODE /D UNICODE /Gm /EHsc /RTC1 /MDd /GS /arch:IA32 /fp:precise /Zc:wchar_t /Zc:forScope /Fo"Debug\\" /Fd"Debug\vc120.pdb" /Gd /TP /analyze- /errorReport:prompt /d2nolock Main.cpp stdafx.cpp "C:\GitHub\BretStateham\IoT\Intel Galileo\HOL - 03 - Accessory Shield - Windows\End\AccessoryShield-RGBLedDigital\packages\Microsoft.IoT.Galileo.Arduino.1.0.4-alpha\build\native\\Source\Servo.cpp" "C:\GitHub\BretStateham\IoT\Intel Galileo\HOL - 03 - Accessory Shield - Windows\End\AccessoryShield-RGBLedDigital\packages\Microsoft.IoT.Galileo.Arduino.1.0.4-alpha\build\native\\Source\HardwareSerial.cpp" "C:\GitHub\BretStateham\IoT\Intel Galileo\HOL - 03 - Accessory Shield - Windows\End\AccessoryShield-RGBLedDigital\packages\Microsoft.IoT.Galileo.Arduino.1.0.4-alpha\build\native\\Source\NetworkSerial.cpp" "C:\GitHub\BretStateham\IoT\Intel Galileo\HOL - 03 - Accessory Shield - Windows\End\AccessoryShield-RGBLedDigital\packages\Microsoft.IoT.Galileo.Arduino.1.0.4-alpha\build\native\\Source\Stream.cpp" "C:\GitHub\BretStateham\IoT\Intel Galileo\HOL - 03 - Accessory Shield - Windows\End\AccessoryShield-RGBLedDigital\packages\Microsoft.IoT.Galileo.Arduino.1.0.4-alpha\build\native\\Source\WString.cpp" "C:\GitHub\BretStateham\IoT\Intel Galileo\HOL - 03 - Accessory Shield - Windows\End\AccessoryShield-RGBLedDigital\packages\Microsoft.IoT.Galileo.Arduino.1.0.4-alpha\build\native\\Source\PulseIn.cpp"
         PulseIn.cpp
         WString.cpp
         Stream.cpp
         NetworkSerial.cpp
         HardwareSerial.cpp
         Servo.cpp
         stdafx.cpp
         Main.cpp
         Generating Code...
       Link:
         C:\Program Files (x86)\Microsoft Visual Studio 12.0\VC\bin\link.exe /ERRORREPORT:PROMPT /OUT:"C:\GitHub\BretStateham\IoT\Intel Galileo\HOL - 03 - Accessory Shield - Windows\End\AccessoryShield-RGBLedDigital\Debug\AccessoryShield-RGBLedDigital.exe" /INCREMENTAL /NOLOGO /LIBPATH:"C:\GitHub\BretStateham\IoT\Intel Galileo\HOL - 03 - Accessory Shield - Windows\End\AccessoryShield-RGBLedDigital\packages\Microsoft.IoT.Galileo.Arduino.1.0.4-alpha\build\native\\lib" embprpusr.lib mincore.lib kernel32.lib user32.lib gdi32.lib winspool.lib comdlg32.lib advapi32.lib shell32.lib ole32.lib oleaut32.lib uuid.lib odbc32.lib odbccp32.lib /MANIFEST /MANIFESTUAC:"level='asInvoker' uiAccess='false'" /manifest:embed /DEBUG /PDB:"C:\GitHub\BretStateham\IoT\Intel Galileo\HOL - 03 - Accessory Shield - Windows\End\AccessoryShield-RGBLedDigital\Debug\AccessoryShield-RGBLedDigital.pdb" /SUBSYSTEM:CONSOLE /TLBID:1 /DYNAMICBASE /NXCOMPAT /IMPLIB:"C:\GitHub\BretStateham\IoT\Intel Galileo\HOL - 03 - Accessory Shield - Windows\End\AccessoryShield-RGBLedDigital\Debug\AccessoryShield-RGBLedDigital.lib" /MACHINE:X86 -d2:-nolock /NODEFAULTLIB:ole32.lib /NODEFAULTLIB:kernel32.lib /NODEFAULTLIB:user32.lib /NODEFAULTLIB:advapi32.lib Debug\Main.obj
         Debug\stdafx.obj
         Debug\Servo.obj
         Debug\HardwareSerial.obj
         Debug\NetworkSerial.obj
         Debug\Stream.obj
         Debug\WString.obj
         Debug\PulseIn.obj
         AccessoryShield-RGBLedDigital.vcxproj -> C:\GitHub\BretStateham\IoT\Intel Galileo\HOL - 03 - Accessory Shield - Windows\End\AccessoryShield-RGBLedDigital\Debug\AccessoryShield-RGBLedDigital.exe
     1>Done Building Project "C:\GitHub\BretStateham\IoT\Intel Galileo\HOL - 03 - Accessory Shield - Windows\End\AccessoryShield-RGBLedDigital\AccessoryShield-RGBLedDigital\AccessoryShield-RGBLedDigital.vcxproj" (Build target(s)).

Build succeeded.

Time Elapsed 00:00:04.66
